<?xml version="1.0" encoding="UTF-8"?>
<testsuite name="models.ColoredTextTest" tests="1" skipped="0" failures="0" errors="0" timestamp="2021-05-18T15:00:04" hostname="DESKTOP-6HDLNNF" time="0.022">
  <properties/>
  <testcase name="testIsNotFinished()" classname="models.ColoredTextTest" time="0.022"/>
  <system-out><![CDATA[]]></system-out>
  <system-err><![CDATA[]]></system-err>
</testsuite>
