<?xml version="1.0" encoding="UTF-8"?>
<testsuite name="models.ColoredTextTest" tests="2" skipped="0" failures="0" errors="0" timestamp="2021-05-20T10:23:28" hostname="DESKTOP-6HDLNNF" time="0.025">
  <properties/>
  <testcase name="testIsNotFinished()" classname="models.ColoredTextTest" time="0.024"/>
  <testcase name="testIsFinished()" classname="models.ColoredTextTest" time="0.001"/>
  <system-out><![CDATA[]]></system-out>
  <system-err><![CDATA[]]></system-err>
</testsuite>
